<?xml version="1.0" encoding="UTF-8"?>
<!-- Generated by org.testng.reporters.JUnitReportReporter -->
<testsuite hostname="LAPTOP-HLJKDEOS" failures="0" tests="1" name="com.ridecell.ridecellautomationassignment.VerifyRepositoryNames" time="10.094" errors="0" timestamp="2021-12-19T01:25:00 IST" skipped="0">
  <testcase classname="com.ridecell.ridecellautomationassignment.VerifyRepositoryNames" name="verifyWebAndRepositoryNames" time="10.094"/>
  <system-out/>
</testsuite> <!-- com.ridecell.ridecellautomationassignment.VerifyRepositoryNames -->
