<?xml version="1.0" encoding="UTF-8"?>
<!-- Generated by org.testng.reporters.JUnitReportReporter -->
<testsuite hostname="LAPTOP-HLJKDEOS" failures="0" tests="1" name="com.ridecell.automationassignment.tests.VerifyRepositoryNames" time="9.014" errors="0" timestamp="2021-12-19T10:42:04 IST" skipped="0">
  <testcase classname="com.ridecell.automationassignment.tests.VerifyRepositoryNames" name="verifyWebAndRepositoryNames" time="9.014"/>
  <system-out/>
</testsuite> <!-- com.ridecell.automationassignment.tests.VerifyRepositoryNames -->
