<?xml version="1.0" encoding="UTF-8"?>
<!-- Generated by org.testng.reporters.JUnitReportReporter -->
<testsuite hostname="LAPTOP-HLJKDEOS" failures="0" tests="1" name="com.ridecell.ridecellautomationassignment.APICall" time="7.181" errors="0" timestamp="2021-12-18T13:23:19 IST" skipped="0">
  <testcase classname="com.ridecell.ridecellautomationassignment.APICall" name="verifyWepAndAPIResponse" time="7.181"/>
  <system-out/>
</testsuite> <!-- com.ridecell.ridecellautomationassignment.APICall -->
